2017-08-10 22:33:17 - Starting VideoMicroServiceApplication on rana with PID 2946 (/home/rana/eclipse-workspace/video-micro-service/target/classes started by rana in /home/rana/eclipse-workspace/video-micro-service)
2017-08-10 22:33:17 - Running with Spring Boot v1.5.6.RELEASE, Spring v4.3.10.RELEASE
2017-08-10 22:33:17 - No active profile set, falling back to default profiles: default
2017-08-10 22:33:27 - Started VideoMicroServiceApplication in 11.334 seconds (JVM running for 12.942)
2017-08-10 22:34:19 - Starting VideoMicroServiceApplication on rana with PID 3041 (/home/rana/eclipse-workspace/video-micro-service/target/classes started by rana in /home/rana/eclipse-workspace/video-micro-service)
2017-08-10 22:34:19 - Running with Spring Boot v1.5.6.RELEASE, Spring v4.3.10.RELEASE
2017-08-10 22:34:19 - No active profile set, falling back to default profiles: default
2017-08-10 22:34:27 - Started VideoMicroServiceApplication in 9.317 seconds (JVM running for 10.902)
2017-08-10 22:36:09 - Servlet.service() for servlet [com.video.service.JaxrsApplication] in context with path [] threw exception
org.jboss.resteasy.spi.UnhandledException: java.lang.NullPointerException
	at org.jboss.resteasy.core.ExceptionHandler.handleApplicationException(ExceptionHandler.java:78)
	at org.jboss.resteasy.core.ExceptionHandler.handleException(ExceptionHandler.java:222)
	at org.jboss.resteasy.core.SynchronousDispatcher.writeException(SynchronousDispatcher.java:175)
	at org.jboss.resteasy.core.SynchronousDispatcher.invoke(SynchronousDispatcher.java:418)
	at org.jboss.resteasy.core.SynchronousDispatcher.invoke(SynchronousDispatcher.java:209)
	at org.jboss.resteasy.plugins.server.servlet.ServletContainerDispatcher.service(ServletContainerDispatcher.java:227)
	at org.jboss.resteasy.plugins.server.servlet.HttpServletDispatcher.service(HttpServletDispatcher.java:56)
	at org.jboss.resteasy.plugins.server.servlet.HttpServletDispatcher.service(HttpServletDispatcher.java:51)
	at javax.servlet.http.HttpServlet.service(HttpServlet.java:742)
	at org.apache.catalina.core.ApplicationFilterChain.internalDoFilter(ApplicationFilterChain.java:231)
	at org.apache.catalina.core.ApplicationFilterChain.doFilter(ApplicationFilterChain.java:166)
	at org.apache.tomcat.websocket.server.WsFilter.doFilter(WsFilter.java:52)
	at org.apache.catalina.core.ApplicationFilterChain.internalDoFilter(ApplicationFilterChain.java:193)
	at org.apache.catalina.core.ApplicationFilterChain.doFilter(ApplicationFilterChain.java:166)
	at org.springframework.boot.web.filter.ApplicationContextHeaderFilter.doFilterInternal(ApplicationContextHeaderFilter.java:55)
	at org.springframework.web.filter.OncePerRequestFilter.doFilter(OncePerRequestFilter.java:107)
	at org.apache.catalina.core.ApplicationFilterChain.internalDoFilter(ApplicationFilterChain.java:193)
	at org.apache.catalina.core.ApplicationFilterChain.doFilter(ApplicationFilterChain.java:166)
	at org.springframework.boot.actuate.trace.WebRequestTraceFilter.doFilterInternal(WebRequestTraceFilter.java:110)
	at org.springframework.web.filter.OncePerRequestFilter.doFilter(OncePerRequestFilter.java:107)
	at org.apache.catalina.core.ApplicationFilterChain.internalDoFilter(ApplicationFilterChain.java:193)
	at org.apache.catalina.core.ApplicationFilterChain.doFilter(ApplicationFilterChain.java:166)
	at org.springframework.web.filter.RequestContextFilter.doFilterInternal(RequestContextFilter.java:99)
	at org.springframework.web.filter.OncePerRequestFilter.doFilter(OncePerRequestFilter.java:107)
	at org.apache.catalina.core.ApplicationFilterChain.internalDoFilter(ApplicationFilterChain.java:193)
	at org.apache.catalina.core.ApplicationFilterChain.doFilter(ApplicationFilterChain.java:166)
	at org.springframework.web.filter.HttpPutFormContentFilter.doFilterInternal(HttpPutFormContentFilter.java:105)
	at org.springframework.web.filter.OncePerRequestFilter.doFilter(OncePerRequestFilter.java:107)
	at org.apache.catalina.core.ApplicationFilterChain.internalDoFilter(ApplicationFilterChain.java:193)
	at org.apache.catalina.core.ApplicationFilterChain.doFilter(ApplicationFilterChain.java:166)
	at org.springframework.web.filter.HiddenHttpMethodFilter.doFilterInternal(HiddenHttpMethodFilter.java:81)
	at org.springframework.web.filter.OncePerRequestFilter.doFilter(OncePerRequestFilter.java:107)
	at org.apache.catalina.core.ApplicationFilterChain.internalDoFilter(ApplicationFilterChain.java:193)
	at org.apache.catalina.core.ApplicationFilterChain.doFilter(ApplicationFilterChain.java:166)
	at org.springframework.web.filter.CharacterEncodingFilter.doFilterInternal(CharacterEncodingFilter.java:197)
	at org.springframework.web.filter.OncePerRequestFilter.doFilter(OncePerRequestFilter.java:107)
	at org.apache.catalina.core.ApplicationFilterChain.internalDoFilter(ApplicationFilterChain.java:193)
	at org.apache.catalina.core.ApplicationFilterChain.doFilter(ApplicationFilterChain.java:166)
	at org.springframework.boot.actuate.autoconfigure.MetricsFilter.doFilterInternal(MetricsFilter.java:106)
	at org.springframework.web.filter.OncePerRequestFilter.doFilter(OncePerRequestFilter.java:107)
	at org.apache.catalina.core.ApplicationFilterChain.internalDoFilter(ApplicationFilterChain.java:193)
	at org.apache.catalina.core.ApplicationFilterChain.doFilter(ApplicationFilterChain.java:166)
	at org.apache.catalina.core.StandardWrapperValve.invoke(StandardWrapperValve.java:198)
	at org.apache.catalina.core.StandardContextValve.invoke(StandardContextValve.java:96)
	at org.apache.catalina.authenticator.AuthenticatorBase.invoke(AuthenticatorBase.java:478)
	at org.apache.catalina.core.StandardHostValve.invoke(StandardHostValve.java:140)
	at org.apache.catalina.valves.ErrorReportValve.invoke(ErrorReportValve.java:80)
	at org.apache.catalina.core.StandardEngineValve.invoke(StandardEngineValve.java:87)
	at org.apache.catalina.connector.CoyoteAdapter.service(CoyoteAdapter.java:342)
	at org.apache.coyote.http11.Http11Processor.service(Http11Processor.java:799)
	at org.apache.coyote.AbstractProcessorLight.process(AbstractProcessorLight.java:66)
	at org.apache.coyote.AbstractProtocol$ConnectionHandler.process(AbstractProtocol.java:868)
	at org.apache.tomcat.util.net.NioEndpoint$SocketProcessor.doRun(NioEndpoint.java:1455)
	at org.apache.tomcat.util.net.SocketProcessorBase.run(SocketProcessorBase.java:49)
	at java.util.concurrent.ThreadPoolExecutor.runWorker(ThreadPoolExecutor.java:1142)
	at java.util.concurrent.ThreadPoolExecutor$Worker.run(ThreadPoolExecutor.java:617)
	at org.apache.tomcat.util.threads.TaskThread$WrappingRunnable.run(TaskThread.java:61)
	at java.lang.Thread.run(Thread.java:748)
Caused by: java.lang.NullPointerException: null
	at com.video.service.VideoController.streamVideoContent(VideoController.java:40)
	at sun.reflect.NativeMethodAccessorImpl.invoke0(Native Method)
	at sun.reflect.NativeMethodAccessorImpl.invoke(NativeMethodAccessorImpl.java:62)
	at sun.reflect.DelegatingMethodAccessorImpl.invoke(DelegatingMethodAccessorImpl.java:43)
	at java.lang.reflect.Method.invoke(Method.java:498)
	at org.jboss.resteasy.core.MethodInjectorImpl.invoke(MethodInjectorImpl.java:140)
	at org.jboss.resteasy.core.ResourceMethodInvoker.invokeOnTarget(ResourceMethodInvoker.java:294)
	at org.jboss.resteasy.core.ResourceMethodInvoker.invoke(ResourceMethodInvoker.java:248)
	at org.jboss.resteasy.core.ResourceMethodInvoker.invoke(ResourceMethodInvoker.java:235)
	at org.jboss.resteasy.core.SynchronousDispatcher.invoke(SynchronousDispatcher.java:402)
	... 54 common frames omitted
2017-08-10 22:41:09 - Starting VideoMicroServiceApplication on rana with PID 3041 (/home/rana/eclipse-workspace/video-micro-service/target/classes started by rana in /home/rana/eclipse-workspace/video-micro-service)
2017-08-10 22:41:09 - Running with Spring Boot v1.5.6.RELEASE, Spring v4.3.10.RELEASE
2017-08-10 22:41:09 - No active profile set, falling back to default profiles: default
2017-08-10 22:41:12 - Started VideoMicroServiceApplication in 2.912 seconds (JVM running for 415.032)
2017-08-10 22:41:33 - Starting VideoMicroServiceApplication on rana with PID 3041 (/home/rana/eclipse-workspace/video-micro-service/target/classes started by rana in /home/rana/eclipse-workspace/video-micro-service)
2017-08-10 22:41:33 - Running with Spring Boot v1.5.6.RELEASE, Spring v4.3.10.RELEASE
2017-08-10 22:41:33 - No active profile set, falling back to default profiles: default
2017-08-10 22:41:35 - Started VideoMicroServiceApplication in 2.364 seconds (JVM running for 438.809)
2017-08-10 22:41:53 - Test succeed
2017-08-10 22:42:42 - Servlet.service() for servlet [com.video.service.JaxrsApplication] in context with path [] threw exception
org.jboss.resteasy.spi.UnhandledException: java.lang.NullPointerException
	at org.jboss.resteasy.core.ExceptionHandler.handleApplicationException(ExceptionHandler.java:78)
	at org.jboss.resteasy.core.ExceptionHandler.handleException(ExceptionHandler.java:222)
	at org.jboss.resteasy.core.SynchronousDispatcher.writeException(SynchronousDispatcher.java:175)
	at org.jboss.resteasy.core.SynchronousDispatcher.invoke(SynchronousDispatcher.java:418)
	at org.jboss.resteasy.core.SynchronousDispatcher.invoke(SynchronousDispatcher.java:209)
	at org.jboss.resteasy.plugins.server.servlet.ServletContainerDispatcher.service(ServletContainerDispatcher.java:227)
	at org.jboss.resteasy.plugins.server.servlet.HttpServletDispatcher.service(HttpServletDispatcher.java:56)
	at org.jboss.resteasy.plugins.server.servlet.HttpServletDispatcher.service(HttpServletDispatcher.java:51)
	at javax.servlet.http.HttpServlet.service(HttpServlet.java:742)
	at org.apache.catalina.core.ApplicationFilterChain.internalDoFilter(ApplicationFilterChain.java:231)
	at org.apache.catalina.core.ApplicationFilterChain.doFilter(ApplicationFilterChain.java:166)
	at org.apache.tomcat.websocket.server.WsFilter.doFilter(WsFilter.java:52)
	at org.apache.catalina.core.ApplicationFilterChain.internalDoFilter(ApplicationFilterChain.java:193)
	at org.apache.catalina.core.ApplicationFilterChain.doFilter(ApplicationFilterChain.java:166)
	at org.springframework.boot.web.filter.ApplicationContextHeaderFilter.doFilterInternal(ApplicationContextHeaderFilter.java:55)
	at org.springframework.web.filter.OncePerRequestFilter.doFilter(OncePerRequestFilter.java:107)
	at org.apache.catalina.core.ApplicationFilterChain.internalDoFilter(ApplicationFilterChain.java:193)
	at org.apache.catalina.core.ApplicationFilterChain.doFilter(ApplicationFilterChain.java:166)
	at org.springframework.boot.actuate.trace.WebRequestTraceFilter.doFilterInternal(WebRequestTraceFilter.java:110)
	at org.springframework.web.filter.OncePerRequestFilter.doFilter(OncePerRequestFilter.java:107)
	at org.apache.catalina.core.ApplicationFilterChain.internalDoFilter(ApplicationFilterChain.java:193)
	at org.apache.catalina.core.ApplicationFilterChain.doFilter(ApplicationFilterChain.java:166)
	at org.springframework.web.filter.RequestContextFilter.doFilterInternal(RequestContextFilter.java:99)
	at org.springframework.web.filter.OncePerRequestFilter.doFilter(OncePerRequestFilter.java:107)
	at org.apache.catalina.core.ApplicationFilterChain.internalDoFilter(ApplicationFilterChain.java:193)
	at org.apache.catalina.core.ApplicationFilterChain.doFilter(ApplicationFilterChain.java:166)
	at org.springframework.web.filter.HttpPutFormContentFilter.doFilterInternal(HttpPutFormContentFilter.java:105)
	at org.springframework.web.filter.OncePerRequestFilter.doFilter(OncePerRequestFilter.java:107)
	at org.apache.catalina.core.ApplicationFilterChain.internalDoFilter(ApplicationFilterChain.java:193)
	at org.apache.catalina.core.ApplicationFilterChain.doFilter(ApplicationFilterChain.java:166)
	at org.springframework.web.filter.HiddenHttpMethodFilter.doFilterInternal(HiddenHttpMethodFilter.java:81)
	at org.springframework.web.filter.OncePerRequestFilter.doFilter(OncePerRequestFilter.java:107)
	at org.apache.catalina.core.ApplicationFilterChain.internalDoFilter(ApplicationFilterChain.java:193)
	at org.apache.catalina.core.ApplicationFilterChain.doFilter(ApplicationFilterChain.java:166)
	at org.springframework.web.filter.CharacterEncodingFilter.doFilterInternal(CharacterEncodingFilter.java:197)
	at org.springframework.web.filter.OncePerRequestFilter.doFilter(OncePerRequestFilter.java:107)
	at org.apache.catalina.core.ApplicationFilterChain.internalDoFilter(ApplicationFilterChain.java:193)
	at org.apache.catalina.core.ApplicationFilterChain.doFilter(ApplicationFilterChain.java:166)
	at org.springframework.boot.actuate.autoconfigure.MetricsFilter.doFilterInternal(MetricsFilter.java:106)
	at org.springframework.web.filter.OncePerRequestFilter.doFilter(OncePerRequestFilter.java:107)
	at org.apache.catalina.core.ApplicationFilterChain.internalDoFilter(ApplicationFilterChain.java:193)
	at org.apache.catalina.core.ApplicationFilterChain.doFilter(ApplicationFilterChain.java:166)
	at org.apache.catalina.core.StandardWrapperValve.invoke(StandardWrapperValve.java:198)
	at org.apache.catalina.core.StandardContextValve.invoke(StandardContextValve.java:96)
	at org.apache.catalina.authenticator.AuthenticatorBase.invoke(AuthenticatorBase.java:478)
	at org.apache.catalina.core.StandardHostValve.invoke(StandardHostValve.java:140)
	at org.apache.catalina.valves.ErrorReportValve.invoke(ErrorReportValve.java:80)
	at org.apache.catalina.core.StandardEngineValve.invoke(StandardEngineValve.java:87)
	at org.apache.catalina.connector.CoyoteAdapter.service(CoyoteAdapter.java:342)
	at org.apache.coyote.http11.Http11Processor.service(Http11Processor.java:799)
	at org.apache.coyote.AbstractProcessorLight.process(AbstractProcessorLight.java:66)
	at org.apache.coyote.AbstractProtocol$ConnectionHandler.process(AbstractProtocol.java:868)
	at org.apache.tomcat.util.net.NioEndpoint$SocketProcessor.doRun(NioEndpoint.java:1455)
	at org.apache.tomcat.util.net.SocketProcessorBase.run(SocketProcessorBase.java:49)
	at java.util.concurrent.ThreadPoolExecutor.runWorker(ThreadPoolExecutor.java:1142)
	at java.util.concurrent.ThreadPoolExecutor$Worker.run(ThreadPoolExecutor.java:617)
	at org.apache.tomcat.util.threads.TaskThread$WrappingRunnable.run(TaskThread.java:61)
	at java.lang.Thread.run(Thread.java:748)
Caused by: java.lang.NullPointerException: null
	at com.video.service.VideoController.streamVideoContent(VideoController.java:45)
	at sun.reflect.NativeMethodAccessorImpl.invoke0(Native Method)
	at sun.reflect.NativeMethodAccessorImpl.invoke(NativeMethodAccessorImpl.java:62)
	at sun.reflect.DelegatingMethodAccessorImpl.invoke(DelegatingMethodAccessorImpl.java:43)
	at java.lang.reflect.Method.invoke(Method.java:498)
	at org.jboss.resteasy.core.MethodInjectorImpl.invoke(MethodInjectorImpl.java:140)
	at org.jboss.resteasy.core.ResourceMethodInvoker.invokeOnTarget(ResourceMethodInvoker.java:294)
	at org.jboss.resteasy.core.ResourceMethodInvoker.invoke(ResourceMethodInvoker.java:248)
	at org.jboss.resteasy.core.ResourceMethodInvoker.invoke(ResourceMethodInvoker.java:235)
	at org.jboss.resteasy.core.SynchronousDispatcher.invoke(SynchronousDispatcher.java:402)
	... 54 common frames omitted
2017-08-10 22:45:09 - Servlet.service() for servlet [com.video.service.JaxrsApplication] in context with path [] threw exception
org.jboss.resteasy.spi.UnhandledException: java.lang.NullPointerException
	at org.jboss.resteasy.core.ExceptionHandler.handleApplicationException(ExceptionHandler.java:78)
	at org.jboss.resteasy.core.ExceptionHandler.handleException(ExceptionHandler.java:222)
	at org.jboss.resteasy.core.SynchronousDispatcher.writeException(SynchronousDispatcher.java:175)
	at org.jboss.resteasy.core.SynchronousDispatcher.invoke(SynchronousDispatcher.java:418)
	at org.jboss.resteasy.core.SynchronousDispatcher.invoke(SynchronousDispatcher.java:209)
	at org.jboss.resteasy.plugins.server.servlet.ServletContainerDispatcher.service(ServletContainerDispatcher.java:227)
	at org.jboss.resteasy.plugins.server.servlet.HttpServletDispatcher.service(HttpServletDispatcher.java:56)
	at org.jboss.resteasy.plugins.server.servlet.HttpServletDispatcher.service(HttpServletDispatcher.java:51)
	at javax.servlet.http.HttpServlet.service(HttpServlet.java:742)
	at org.apache.catalina.core.ApplicationFilterChain.internalDoFilter(ApplicationFilterChain.java:231)
	at org.apache.catalina.core.ApplicationFilterChain.doFilter(ApplicationFilterChain.java:166)
	at org.apache.tomcat.websocket.server.WsFilter.doFilter(WsFilter.java:52)
	at org.apache.catalina.core.ApplicationFilterChain.internalDoFilter(ApplicationFilterChain.java:193)
	at org.apache.catalina.core.ApplicationFilterChain.doFilter(ApplicationFilterChain.java:166)
	at org.springframework.boot.web.filter.ApplicationContextHeaderFilter.doFilterInternal(ApplicationContextHeaderFilter.java:55)
	at org.springframework.web.filter.OncePerRequestFilter.doFilter(OncePerRequestFilter.java:107)
	at org.apache.catalina.core.ApplicationFilterChain.internalDoFilter(ApplicationFilterChain.java:193)
	at org.apache.catalina.core.ApplicationFilterChain.doFilter(ApplicationFilterChain.java:166)
	at org.springframework.boot.actuate.trace.WebRequestTraceFilter.doFilterInternal(WebRequestTraceFilter.java:110)
	at org.springframework.web.filter.OncePerRequestFilter.doFilter(OncePerRequestFilter.java:107)
	at org.apache.catalina.core.ApplicationFilterChain.internalDoFilter(ApplicationFilterChain.java:193)
	at org.apache.catalina.core.ApplicationFilterChain.doFilter(ApplicationFilterChain.java:166)
	at org.springframework.web.filter.RequestContextFilter.doFilterInternal(RequestContextFilter.java:99)
	at org.springframework.web.filter.OncePerRequestFilter.doFilter(OncePerRequestFilter.java:107)
	at org.apache.catalina.core.ApplicationFilterChain.internalDoFilter(ApplicationFilterChain.java:193)
	at org.apache.catalina.core.ApplicationFilterChain.doFilter(ApplicationFilterChain.java:166)
	at org.springframework.web.filter.HttpPutFormContentFilter.doFilterInternal(HttpPutFormContentFilter.java:105)
	at org.springframework.web.filter.OncePerRequestFilter.doFilter(OncePerRequestFilter.java:107)
	at org.apache.catalina.core.ApplicationFilterChain.internalDoFilter(ApplicationFilterChain.java:193)
	at org.apache.catalina.core.ApplicationFilterChain.doFilter(ApplicationFilterChain.java:166)
	at org.springframework.web.filter.HiddenHttpMethodFilter.doFilterInternal(HiddenHttpMethodFilter.java:81)
	at org.springframework.web.filter.OncePerRequestFilter.doFilter(OncePerRequestFilter.java:107)
	at org.apache.catalina.core.ApplicationFilterChain.internalDoFilter(ApplicationFilterChain.java:193)
	at org.apache.catalina.core.ApplicationFilterChain.doFilter(ApplicationFilterChain.java:166)
	at org.springframework.web.filter.CharacterEncodingFilter.doFilterInternal(CharacterEncodingFilter.java:197)
	at org.springframework.web.filter.OncePerRequestFilter.doFilter(OncePerRequestFilter.java:107)
	at org.apache.catalina.core.ApplicationFilterChain.internalDoFilter(ApplicationFilterChain.java:193)
	at org.apache.catalina.core.ApplicationFilterChain.doFilter(ApplicationFilterChain.java:166)
	at org.springframework.boot.actuate.autoconfigure.MetricsFilter.doFilterInternal(MetricsFilter.java:106)
	at org.springframework.web.filter.OncePerRequestFilter.doFilter(OncePerRequestFilter.java:107)
	at org.apache.catalina.core.ApplicationFilterChain.internalDoFilter(ApplicationFilterChain.java:193)
	at org.apache.catalina.core.ApplicationFilterChain.doFilter(ApplicationFilterChain.java:166)
	at org.apache.catalina.core.StandardWrapperValve.invoke(StandardWrapperValve.java:198)
	at org.apache.catalina.core.StandardContextValve.invoke(StandardContextValve.java:96)
	at org.apache.catalina.authenticator.AuthenticatorBase.invoke(AuthenticatorBase.java:478)
	at org.apache.catalina.core.StandardHostValve.invoke(StandardHostValve.java:140)
	at org.apache.catalina.valves.ErrorReportValve.invoke(ErrorReportValve.java:80)
	at org.apache.catalina.core.StandardEngineValve.invoke(StandardEngineValve.java:87)
	at org.apache.catalina.connector.CoyoteAdapter.service(CoyoteAdapter.java:342)
	at org.apache.coyote.http11.Http11Processor.service(Http11Processor.java:799)
	at org.apache.coyote.AbstractProcessorLight.process(AbstractProcessorLight.java:66)
	at org.apache.coyote.AbstractProtocol$ConnectionHandler.process(AbstractProtocol.java:868)
	at org.apache.tomcat.util.net.NioEndpoint$SocketProcessor.doRun(NioEndpoint.java:1455)
	at org.apache.tomcat.util.net.SocketProcessorBase.run(SocketProcessorBase.java:49)
	at java.util.concurrent.ThreadPoolExecutor.runWorker(ThreadPoolExecutor.java:1142)
	at java.util.concurrent.ThreadPoolExecutor$Worker.run(ThreadPoolExecutor.java:617)
	at org.apache.tomcat.util.threads.TaskThread$WrappingRunnable.run(TaskThread.java:61)
	at java.lang.Thread.run(Thread.java:748)
Caused by: java.lang.NullPointerException: null
	at com.video.service.VideoController.streamVideoContent(VideoController.java:45)
	at sun.reflect.NativeMethodAccessorImpl.invoke0(Native Method)
	at sun.reflect.NativeMethodAccessorImpl.invoke(NativeMethodAccessorImpl.java:62)
	at sun.reflect.DelegatingMethodAccessorImpl.invoke(DelegatingMethodAccessorImpl.java:43)
	at java.lang.reflect.Method.invoke(Method.java:498)
	at org.jboss.resteasy.core.MethodInjectorImpl.invoke(MethodInjectorImpl.java:140)
	at org.jboss.resteasy.core.ResourceMethodInvoker.invokeOnTarget(ResourceMethodInvoker.java:294)
	at org.jboss.resteasy.core.ResourceMethodInvoker.invoke(ResourceMethodInvoker.java:248)
	at org.jboss.resteasy.core.ResourceMethodInvoker.invoke(ResourceMethodInvoker.java:235)
	at org.jboss.resteasy.core.SynchronousDispatcher.invoke(SynchronousDispatcher.java:402)
	... 54 common frames omitted
2017-08-10 22:58:10 - Starting VideoMicroServiceApplication on rana with PID 3041 (/home/rana/eclipse-workspace/video-micro-service/target/classes started by rana in /home/rana/eclipse-workspace/video-micro-service)
2017-08-10 22:58:10 - Running with Spring Boot v1.5.6.RELEASE, Spring v4.3.10.RELEASE
2017-08-10 22:58:10 - No active profile set, falling back to default profiles: default
2017-08-10 22:58:11 - Started VideoMicroServiceApplication in 1.726 seconds (JVM running for 1434.667)
2017-08-10 22:58:30 - RESTEASY002005: Failed executing GET /service/
org.jboss.resteasy.spi.InternalServerErrorException: RESTEASY003990: Unknown @PathParam: fileName for path: /service/
	at org.jboss.resteasy.core.PathParamInjector.inject(PathParamInjector.java:114)
	at org.jboss.resteasy.core.MethodInjectorImpl.injectArguments(MethodInjectorImpl.java:92)
	at org.jboss.resteasy.core.MethodInjectorImpl.invoke(MethodInjectorImpl.java:115)
	at org.jboss.resteasy.core.ResourceMethodInvoker.invokeOnTarget(ResourceMethodInvoker.java:294)
	at org.jboss.resteasy.core.ResourceMethodInvoker.invoke(ResourceMethodInvoker.java:248)
	at org.jboss.resteasy.core.ResourceMethodInvoker.invoke(ResourceMethodInvoker.java:235)
	at org.jboss.resteasy.core.SynchronousDispatcher.invoke(SynchronousDispatcher.java:402)
	at org.jboss.resteasy.core.SynchronousDispatcher.invoke(SynchronousDispatcher.java:209)
	at org.jboss.resteasy.plugins.server.servlet.ServletContainerDispatcher.service(ServletContainerDispatcher.java:227)
	at org.jboss.resteasy.plugins.server.servlet.HttpServletDispatcher.service(HttpServletDispatcher.java:56)
	at org.jboss.resteasy.plugins.server.servlet.HttpServletDispatcher.service(HttpServletDispatcher.java:51)
	at javax.servlet.http.HttpServlet.service(HttpServlet.java:742)
	at org.apache.catalina.core.ApplicationFilterChain.internalDoFilter(ApplicationFilterChain.java:231)
	at org.apache.catalina.core.ApplicationFilterChain.doFilter(ApplicationFilterChain.java:166)
	at org.apache.tomcat.websocket.server.WsFilter.doFilter(WsFilter.java:52)
	at org.apache.catalina.core.ApplicationFilterChain.internalDoFilter(ApplicationFilterChain.java:193)
	at org.apache.catalina.core.ApplicationFilterChain.doFilter(ApplicationFilterChain.java:166)
	at org.springframework.boot.web.filter.ApplicationContextHeaderFilter.doFilterInternal(ApplicationContextHeaderFilter.java:55)
	at org.springframework.web.filter.OncePerRequestFilter.doFilter(OncePerRequestFilter.java:107)
	at org.apache.catalina.core.ApplicationFilterChain.internalDoFilter(ApplicationFilterChain.java:193)
	at org.apache.catalina.core.ApplicationFilterChain.doFilter(ApplicationFilterChain.java:166)
	at org.springframework.boot.actuate.trace.WebRequestTraceFilter.doFilterInternal(WebRequestTraceFilter.java:110)
	at org.springframework.web.filter.OncePerRequestFilter.doFilter(OncePerRequestFilter.java:107)
	at org.apache.catalina.core.ApplicationFilterChain.internalDoFilter(ApplicationFilterChain.java:193)
	at org.apache.catalina.core.ApplicationFilterChain.doFilter(ApplicationFilterChain.java:166)
	at org.springframework.web.filter.RequestContextFilter.doFilterInternal(RequestContextFilter.java:99)
	at org.springframework.web.filter.OncePerRequestFilter.doFilter(OncePerRequestFilter.java:107)
	at org.apache.catalina.core.ApplicationFilterChain.internalDoFilter(ApplicationFilterChain.java:193)
	at org.apache.catalina.core.ApplicationFilterChain.doFilter(ApplicationFilterChain.java:166)
	at org.springframework.web.filter.HttpPutFormContentFilter.doFilterInternal(HttpPutFormContentFilter.java:105)
	at org.springframework.web.filter.OncePerRequestFilter.doFilter(OncePerRequestFilter.java:107)
	at org.apache.catalina.core.ApplicationFilterChain.internalDoFilter(ApplicationFilterChain.java:193)
	at org.apache.catalina.core.ApplicationFilterChain.doFilter(ApplicationFilterChain.java:166)
	at org.springframework.web.filter.HiddenHttpMethodFilter.doFilterInternal(HiddenHttpMethodFilter.java:81)
	at org.springframework.web.filter.OncePerRequestFilter.doFilter(OncePerRequestFilter.java:107)
	at org.apache.catalina.core.ApplicationFilterChain.internalDoFilter(ApplicationFilterChain.java:193)
	at org.apache.catalina.core.ApplicationFilterChain.doFilter(ApplicationFilterChain.java:166)
	at org.springframework.web.filter.CharacterEncodingFilter.doFilterInternal(CharacterEncodingFilter.java:197)
	at org.springframework.web.filter.OncePerRequestFilter.doFilter(OncePerRequestFilter.java:107)
	at org.apache.catalina.core.ApplicationFilterChain.internalDoFilter(ApplicationFilterChain.java:193)
	at org.apache.catalina.core.ApplicationFilterChain.doFilter(ApplicationFilterChain.java:166)
	at org.springframework.boot.actuate.autoconfigure.MetricsFilter.doFilterInternal(MetricsFilter.java:106)
	at org.springframework.web.filter.OncePerRequestFilter.doFilter(OncePerRequestFilter.java:107)
	at org.apache.catalina.core.ApplicationFilterChain.internalDoFilter(ApplicationFilterChain.java:193)
	at org.apache.catalina.core.ApplicationFilterChain.doFilter(ApplicationFilterChain.java:166)
	at org.apache.catalina.core.StandardWrapperValve.invoke(StandardWrapperValve.java:198)
	at org.apache.catalina.core.StandardContextValve.invoke(StandardContextValve.java:96)
	at org.apache.catalina.authenticator.AuthenticatorBase.invoke(AuthenticatorBase.java:478)
	at org.apache.catalina.core.StandardHostValve.invoke(StandardHostValve.java:140)
	at org.apache.catalina.valves.ErrorReportValve.invoke(ErrorReportValve.java:80)
	at org.apache.catalina.core.StandardEngineValve.invoke(StandardEngineValve.java:87)
	at org.apache.catalina.connector.CoyoteAdapter.service(CoyoteAdapter.java:342)
	at org.apache.coyote.http11.Http11Processor.service(Http11Processor.java:799)
	at org.apache.coyote.AbstractProcessorLight.process(AbstractProcessorLight.java:66)
	at org.apache.coyote.AbstractProtocol$ConnectionHandler.process(AbstractProtocol.java:868)
	at org.apache.tomcat.util.net.NioEndpoint$SocketProcessor.doRun(NioEndpoint.java:1455)
	at org.apache.tomcat.util.net.SocketProcessorBase.run(SocketProcessorBase.java:49)
	at java.util.concurrent.ThreadPoolExecutor.runWorker(ThreadPoolExecutor.java:1142)
	at java.util.concurrent.ThreadPoolExecutor$Worker.run(ThreadPoolExecutor.java:617)
	at org.apache.tomcat.util.threads.TaskThread$WrappingRunnable.run(TaskThread.java:61)
	at java.lang.Thread.run(Thread.java:748)
2017-08-10 22:58:56 - Test succeed: Hello.mp4
2017-08-10 22:59:43 - Starting VideoMicroServiceApplication on rana with PID 3041 (/home/rana/eclipse-workspace/video-micro-service/target/classes started by rana in /home/rana/eclipse-workspace/video-micro-service)
2017-08-10 22:59:43 - Running with Spring Boot v1.5.6.RELEASE, Spring v4.3.10.RELEASE
2017-08-10 22:59:43 - No active profile set, falling back to default profiles: default
2017-08-10 22:59:44 - Started VideoMicroServiceApplication in 1.247 seconds (JVM running for 1527.512)
2017-08-10 23:00:06 - Starting VideoMicroServiceApplication on rana with PID 3041 (/home/rana/eclipse-workspace/video-micro-service/target/classes started by rana in /home/rana/eclipse-workspace/video-micro-service)
2017-08-10 23:00:06 - Running with Spring Boot v1.5.6.RELEASE, Spring v4.3.10.RELEASE
2017-08-10 23:00:06 - No active profile set, falling back to default profiles: default
2017-08-10 23:00:07 - Started VideoMicroServiceApplication in 1.532 seconds (JVM running for 1550.49)
2017-08-10 23:00:11 - Test succeed: Hello.mp4 range: null
2017-08-10 23:00:52 - Starting VideoMicroServiceApplication on rana with PID 3041 (/home/rana/eclipse-workspace/video-micro-service/target/classes started by rana in /home/rana/eclipse-workspace/video-micro-service)
2017-08-10 23:00:52 - Running with Spring Boot v1.5.6.RELEASE, Spring v4.3.10.RELEASE
2017-08-10 23:00:52 - No active profile set, falling back to default profiles: default
2017-08-10 23:00:53 - Started VideoMicroServiceApplication in 1.501 seconds (JVM running for 1596.547)
2017-08-10 23:00:56 - Starting VideoMicroServiceApplication on rana with PID 3041 (/home/rana/eclipse-workspace/video-micro-service/target/classes started by rana in /home/rana/eclipse-workspace/video-micro-service)
2017-08-10 23:00:56 - Running with Spring Boot v1.5.6.RELEASE, Spring v4.3.10.RELEASE
2017-08-10 23:00:56 - No active profile set, falling back to default profiles: default
2017-08-10 23:00:57 - Started VideoMicroServiceApplication in 1.595 seconds (JVM running for 1600.618)
2017-08-10 23:01:16 - Starting VideoMicroServiceApplication on rana with PID 3041 (/home/rana/eclipse-workspace/video-micro-service/target/classes started by rana in /home/rana/eclipse-workspace/video-micro-service)
2017-08-10 23:01:16 - Running with Spring Boot v1.5.6.RELEASE, Spring v4.3.10.RELEASE
2017-08-10 23:01:16 - No active profile set, falling back to default profiles: default
2017-08-10 23:01:17 - Started VideoMicroServiceApplication in 1.094 seconds (JVM running for 1620.222)
2017-08-10 23:01:23 - Servlet.service() for servlet [com.video.service.JaxrsApplication] in context with path [] threw exception
org.jboss.resteasy.spi.UnhandledException: java.lang.NullPointerException
	at org.jboss.resteasy.core.ExceptionHandler.handleApplicationException(ExceptionHandler.java:78)
	at org.jboss.resteasy.core.ExceptionHandler.handleException(ExceptionHandler.java:222)
	at org.jboss.resteasy.core.SynchronousDispatcher.writeException(SynchronousDispatcher.java:175)
	at org.jboss.resteasy.core.SynchronousDispatcher.invoke(SynchronousDispatcher.java:418)
	at org.jboss.resteasy.core.SynchronousDispatcher.invoke(SynchronousDispatcher.java:209)
	at org.jboss.resteasy.plugins.server.servlet.ServletContainerDispatcher.service(ServletContainerDispatcher.java:227)
	at org.jboss.resteasy.plugins.server.servlet.HttpServletDispatcher.service(HttpServletDispatcher.java:56)
	at org.jboss.resteasy.plugins.server.servlet.HttpServletDispatcher.service(HttpServletDispatcher.java:51)
	at javax.servlet.http.HttpServlet.service(HttpServlet.java:742)
	at org.apache.catalina.core.ApplicationFilterChain.internalDoFilter(ApplicationFilterChain.java:231)
	at org.apache.catalina.core.ApplicationFilterChain.doFilter(ApplicationFilterChain.java:166)
	at org.apache.tomcat.websocket.server.WsFilter.doFilter(WsFilter.java:52)
	at org.apache.catalina.core.ApplicationFilterChain.internalDoFilter(ApplicationFilterChain.java:193)
	at org.apache.catalina.core.ApplicationFilterChain.doFilter(ApplicationFilterChain.java:166)
	at org.springframework.boot.web.filter.ApplicationContextHeaderFilter.doFilterInternal(ApplicationContextHeaderFilter.java:55)
	at org.springframework.web.filter.OncePerRequestFilter.doFilter(OncePerRequestFilter.java:107)
	at org.apache.catalina.core.ApplicationFilterChain.internalDoFilter(ApplicationFilterChain.java:193)
	at org.apache.catalina.core.ApplicationFilterChain.doFilter(ApplicationFilterChain.java:166)
	at org.springframework.boot.actuate.trace.WebRequestTraceFilter.doFilterInternal(WebRequestTraceFilter.java:110)
	at org.springframework.web.filter.OncePerRequestFilter.doFilter(OncePerRequestFilter.java:107)
	at org.apache.catalina.core.ApplicationFilterChain.internalDoFilter(ApplicationFilterChain.java:193)
	at org.apache.catalina.core.ApplicationFilterChain.doFilter(ApplicationFilterChain.java:166)
	at org.springframework.web.filter.RequestContextFilter.doFilterInternal(RequestContextFilter.java:99)
	at org.springframework.web.filter.OncePerRequestFilter.doFilter(OncePerRequestFilter.java:107)
	at org.apache.catalina.core.ApplicationFilterChain.internalDoFilter(ApplicationFilterChain.java:193)
	at org.apache.catalina.core.ApplicationFilterChain.doFilter(ApplicationFilterChain.java:166)
	at org.springframework.web.filter.HttpPutFormContentFilter.doFilterInternal(HttpPutFormContentFilter.java:105)
	at org.springframework.web.filter.OncePerRequestFilter.doFilter(OncePerRequestFilter.java:107)
	at org.apache.catalina.core.ApplicationFilterChain.internalDoFilter(ApplicationFilterChain.java:193)
	at org.apache.catalina.core.ApplicationFilterChain.doFilter(ApplicationFilterChain.java:166)
	at org.springframework.web.filter.HiddenHttpMethodFilter.doFilterInternal(HiddenHttpMethodFilter.java:81)
	at org.springframework.web.filter.OncePerRequestFilter.doFilter(OncePerRequestFilter.java:107)
	at org.apache.catalina.core.ApplicationFilterChain.internalDoFilter(ApplicationFilterChain.java:193)
	at org.apache.catalina.core.ApplicationFilterChain.doFilter(ApplicationFilterChain.java:166)
	at org.springframework.web.filter.CharacterEncodingFilter.doFilterInternal(CharacterEncodingFilter.java:197)
	at org.springframework.web.filter.OncePerRequestFilter.doFilter(OncePerRequestFilter.java:107)
	at org.apache.catalina.core.ApplicationFilterChain.internalDoFilter(ApplicationFilterChain.java:193)
	at org.apache.catalina.core.ApplicationFilterChain.doFilter(ApplicationFilterChain.java:166)
	at org.springframework.boot.actuate.autoconfigure.MetricsFilter.doFilterInternal(MetricsFilter.java:106)
	at org.springframework.web.filter.OncePerRequestFilter.doFilter(OncePerRequestFilter.java:107)
	at org.apache.catalina.core.ApplicationFilterChain.internalDoFilter(ApplicationFilterChain.java:193)
	at org.apache.catalina.core.ApplicationFilterChain.doFilter(ApplicationFilterChain.java:166)
	at org.apache.catalina.core.StandardWrapperValve.invoke(StandardWrapperValve.java:198)
	at org.apache.catalina.core.StandardContextValve.invoke(StandardContextValve.java:96)
	at org.apache.catalina.authenticator.AuthenticatorBase.invoke(AuthenticatorBase.java:478)
	at org.apache.catalina.core.StandardHostValve.invoke(StandardHostValve.java:140)
	at org.apache.catalina.valves.ErrorReportValve.invoke(ErrorReportValve.java:80)
	at org.apache.catalina.core.StandardEngineValve.invoke(StandardEngineValve.java:87)
	at org.apache.catalina.connector.CoyoteAdapter.service(CoyoteAdapter.java:342)
	at org.apache.coyote.http11.Http11Processor.service(Http11Processor.java:799)
	at org.apache.coyote.AbstractProcessorLight.process(AbstractProcessorLight.java:66)
	at org.apache.coyote.AbstractProtocol$ConnectionHandler.process(AbstractProtocol.java:868)
	at org.apache.tomcat.util.net.NioEndpoint$SocketProcessor.doRun(NioEndpoint.java:1455)
	at org.apache.tomcat.util.net.SocketProcessorBase.run(SocketProcessorBase.java:49)
	at java.util.concurrent.ThreadPoolExecutor.runWorker(ThreadPoolExecutor.java:1142)
	at java.util.concurrent.ThreadPoolExecutor$Worker.run(ThreadPoolExecutor.java:617)
	at org.apache.tomcat.util.threads.TaskThread$WrappingRunnable.run(TaskThread.java:61)
	at java.lang.Thread.run(Thread.java:748)
Caused by: java.lang.NullPointerException: null
	at com.video.service.VideoController.streamVideoContent(VideoController.java:46)
	at sun.reflect.NativeMethodAccessorImpl.invoke0(Native Method)
	at sun.reflect.NativeMethodAccessorImpl.invoke(NativeMethodAccessorImpl.java:62)
	at sun.reflect.DelegatingMethodAccessorImpl.invoke(DelegatingMethodAccessorImpl.java:43)
	at java.lang.reflect.Method.invoke(Method.java:498)
	at org.jboss.resteasy.core.MethodInjectorImpl.invoke(MethodInjectorImpl.java:140)
	at org.jboss.resteasy.core.ResourceMethodInvoker.invokeOnTarget(ResourceMethodInvoker.java:294)
	at org.jboss.resteasy.core.ResourceMethodInvoker.invoke(ResourceMethodInvoker.java:248)
	at org.jboss.resteasy.core.ResourceMethodInvoker.invoke(ResourceMethodInvoker.java:235)
	at org.jboss.resteasy.core.SynchronousDispatcher.invoke(SynchronousDispatcher.java:402)
	... 54 common frames omitted
2017-08-10 23:06:20 - Starting VideoMicroServiceApplication on rana with PID 3041 (/home/rana/eclipse-workspace/video-micro-service/target/classes started by rana in /home/rana/eclipse-workspace/video-micro-service)
2017-08-10 23:06:20 - Running with Spring Boot v1.5.6.RELEASE, Spring v4.3.10.RELEASE
2017-08-10 23:06:20 - No active profile set, falling back to default profiles: default
2017-08-10 23:06:21 - Started VideoMicroServiceApplication in 1.074 seconds (JVM running for 1924.151)
2017-08-10 23:06:36 - Starting VideoMicroServiceApplication on rana with PID 3041 (/home/rana/eclipse-workspace/video-micro-service/target/classes started by rana in /home/rana/eclipse-workspace/video-micro-service)
2017-08-10 23:06:36 - Running with Spring Boot v1.5.6.RELEASE, Spring v4.3.10.RELEASE
2017-08-10 23:06:36 - No active profile set, falling back to default profiles: default
2017-08-10 23:06:38 - Started VideoMicroServiceApplication in 1.402 seconds (JVM running for 1941.039)
2017-08-10 23:06:40 - File name: Hello.mp4 Range: null Video file url: null
2017-08-10 23:06:40 - Servlet.service() for servlet [com.video.service.JaxrsApplication] in context with path [] threw exception
org.jboss.resteasy.spi.UnhandledException: java.lang.NullPointerException
	at org.jboss.resteasy.core.ExceptionHandler.handleApplicationException(ExceptionHandler.java:78)
	at org.jboss.resteasy.core.ExceptionHandler.handleException(ExceptionHandler.java:222)
	at org.jboss.resteasy.core.SynchronousDispatcher.writeException(SynchronousDispatcher.java:175)
	at org.jboss.resteasy.core.SynchronousDispatcher.invoke(SynchronousDispatcher.java:418)
	at org.jboss.resteasy.core.SynchronousDispatcher.invoke(SynchronousDispatcher.java:209)
	at org.jboss.resteasy.plugins.server.servlet.ServletContainerDispatcher.service(ServletContainerDispatcher.java:227)
	at org.jboss.resteasy.plugins.server.servlet.HttpServletDispatcher.service(HttpServletDispatcher.java:56)
	at org.jboss.resteasy.plugins.server.servlet.HttpServletDispatcher.service(HttpServletDispatcher.java:51)
	at javax.servlet.http.HttpServlet.service(HttpServlet.java:742)
	at org.apache.catalina.core.ApplicationFilterChain.internalDoFilter(ApplicationFilterChain.java:231)
	at org.apache.catalina.core.ApplicationFilterChain.doFilter(ApplicationFilterChain.java:166)
	at org.apache.tomcat.websocket.server.WsFilter.doFilter(WsFilter.java:52)
	at org.apache.catalina.core.ApplicationFilterChain.internalDoFilter(ApplicationFilterChain.java:193)
	at org.apache.catalina.core.ApplicationFilterChain.doFilter(ApplicationFilterChain.java:166)
	at org.springframework.boot.web.filter.ApplicationContextHeaderFilter.doFilterInternal(ApplicationContextHeaderFilter.java:55)
	at org.springframework.web.filter.OncePerRequestFilter.doFilter(OncePerRequestFilter.java:107)
	at org.apache.catalina.core.ApplicationFilterChain.internalDoFilter(ApplicationFilterChain.java:193)
	at org.apache.catalina.core.ApplicationFilterChain.doFilter(ApplicationFilterChain.java:166)
	at org.springframework.boot.actuate.trace.WebRequestTraceFilter.doFilterInternal(WebRequestTraceFilter.java:110)
	at org.springframework.web.filter.OncePerRequestFilter.doFilter(OncePerRequestFilter.java:107)
	at org.apache.catalina.core.ApplicationFilterChain.internalDoFilter(ApplicationFilterChain.java:193)
	at org.apache.catalina.core.ApplicationFilterChain.doFilter(ApplicationFilterChain.java:166)
	at org.springframework.web.filter.RequestContextFilter.doFilterInternal(RequestContextFilter.java:99)
	at org.springframework.web.filter.OncePerRequestFilter.doFilter(OncePerRequestFilter.java:107)
	at org.apache.catalina.core.ApplicationFilterChain.internalDoFilter(ApplicationFilterChain.java:193)
	at org.apache.catalina.core.ApplicationFilterChain.doFilter(ApplicationFilterChain.java:166)
	at org.springframework.web.filter.HttpPutFormContentFilter.doFilterInternal(HttpPutFormContentFilter.java:105)
	at org.springframework.web.filter.OncePerRequestFilter.doFilter(OncePerRequestFilter.java:107)
	at org.apache.catalina.core.ApplicationFilterChain.internalDoFilter(ApplicationFilterChain.java:193)
	at org.apache.catalina.core.ApplicationFilterChain.doFilter(ApplicationFilterChain.java:166)
	at org.springframework.web.filter.HiddenHttpMethodFilter.doFilterInternal(HiddenHttpMethodFilter.java:81)
	at org.springframework.web.filter.OncePerRequestFilter.doFilter(OncePerRequestFilter.java:107)
	at org.apache.catalina.core.ApplicationFilterChain.internalDoFilter(ApplicationFilterChain.java:193)
	at org.apache.catalina.core.ApplicationFilterChain.doFilter(ApplicationFilterChain.java:166)
	at org.springframework.web.filter.CharacterEncodingFilter.doFilterInternal(CharacterEncodingFilter.java:197)
	at org.springframework.web.filter.OncePerRequestFilter.doFilter(OncePerRequestFilter.java:107)
	at org.apache.catalina.core.ApplicationFilterChain.internalDoFilter(ApplicationFilterChain.java:193)
	at org.apache.catalina.core.ApplicationFilterChain.doFilter(ApplicationFilterChain.java:166)
	at org.springframework.boot.actuate.autoconfigure.MetricsFilter.doFilterInternal(MetricsFilter.java:106)
	at org.springframework.web.filter.OncePerRequestFilter.doFilter(OncePerRequestFilter.java:107)
	at org.apache.catalina.core.ApplicationFilterChain.internalDoFilter(ApplicationFilterChain.java:193)
	at org.apache.catalina.core.ApplicationFilterChain.doFilter(ApplicationFilterChain.java:166)
	at org.apache.catalina.core.StandardWrapperValve.invoke(StandardWrapperValve.java:198)
	at org.apache.catalina.core.StandardContextValve.invoke(StandardContextValve.java:96)
	at org.apache.catalina.authenticator.AuthenticatorBase.invoke(AuthenticatorBase.java:478)
	at org.apache.catalina.core.StandardHostValve.invoke(StandardHostValve.java:140)
	at org.apache.catalina.valves.ErrorReportValve.invoke(ErrorReportValve.java:80)
	at org.apache.catalina.core.StandardEngineValve.invoke(StandardEngineValve.java:87)
	at org.apache.catalina.connector.CoyoteAdapter.service(CoyoteAdapter.java:342)
	at org.apache.coyote.http11.Http11Processor.service(Http11Processor.java:799)
	at org.apache.coyote.AbstractProcessorLight.process(AbstractProcessorLight.java:66)
	at org.apache.coyote.AbstractProtocol$ConnectionHandler.process(AbstractProtocol.java:868)
	at org.apache.tomcat.util.net.NioEndpoint$SocketProcessor.doRun(NioEndpoint.java:1455)
	at org.apache.tomcat.util.net.SocketProcessorBase.run(SocketProcessorBase.java:49)
	at java.util.concurrent.ThreadPoolExecutor.runWorker(ThreadPoolExecutor.java:1142)
	at java.util.concurrent.ThreadPoolExecutor$Worker.run(ThreadPoolExecutor.java:617)
	at org.apache.tomcat.util.threads.TaskThread$WrappingRunnable.run(TaskThread.java:61)
	at java.lang.Thread.run(Thread.java:748)
Caused by: java.lang.NullPointerException: null
	at com.video.service.VideoController.streamVideoContent(VideoController.java:47)
	at sun.reflect.NativeMethodAccessorImpl.invoke0(Native Method)
	at sun.reflect.NativeMethodAccessorImpl.invoke(NativeMethodAccessorImpl.java:62)
	at sun.reflect.DelegatingMethodAccessorImpl.invoke(DelegatingMethodAccessorImpl.java:43)
	at java.lang.reflect.Method.invoke(Method.java:498)
	at org.jboss.resteasy.core.MethodInjectorImpl.invoke(MethodInjectorImpl.java:140)
	at org.jboss.resteasy.core.ResourceMethodInvoker.invokeOnTarget(ResourceMethodInvoker.java:294)
	at org.jboss.resteasy.core.ResourceMethodInvoker.invoke(ResourceMethodInvoker.java:248)
	at org.jboss.resteasy.core.ResourceMethodInvoker.invoke(ResourceMethodInvoker.java:235)
	at org.jboss.resteasy.core.SynchronousDispatcher.invoke(SynchronousDispatcher.java:402)
	... 54 common frames omitted
2017-08-10 23:08:13 - Starting VideoMicroServiceApplication on rana with PID 3041 (/home/rana/eclipse-workspace/video-micro-service/target/classes started by rana in /home/rana/eclipse-workspace/video-micro-service)
2017-08-10 23:08:13 - Running with Spring Boot v1.5.6.RELEASE, Spring v4.3.10.RELEASE
2017-08-10 23:08:13 - No active profile set, falling back to default profiles: default
2017-08-10 23:08:15 - Started VideoMicroServiceApplication in 2.4 seconds (JVM running for 2038.714)
2017-08-10 23:09:16 - Starting VideoMicroServiceApplication on rana with PID 3041 (/home/rana/eclipse-workspace/video-micro-service/target/classes started by rana in /home/rana/eclipse-workspace/video-micro-service)
2017-08-10 23:09:16 - Running with Spring Boot v1.5.6.RELEASE, Spring v4.3.10.RELEASE
2017-08-10 23:09:16 - No active profile set, falling back to default profiles: default
2017-08-10 23:09:17 - Started VideoMicroServiceApplication in 1.58 seconds (JVM running for 2100.78)
2017-08-10 23:09:23 - File name: Hello.mp4 Range: null Video file url: null
2017-08-10 23:09:23 - Servlet.service() for servlet [com.video.service.JaxrsApplication] in context with path [] threw exception
org.jboss.resteasy.spi.UnhandledException: java.lang.NullPointerException
	at org.jboss.resteasy.core.ExceptionHandler.handleApplicationException(ExceptionHandler.java:78)
	at org.jboss.resteasy.core.ExceptionHandler.handleException(ExceptionHandler.java:222)
	at org.jboss.resteasy.core.SynchronousDispatcher.writeException(SynchronousDispatcher.java:175)
	at org.jboss.resteasy.core.SynchronousDispatcher.invoke(SynchronousDispatcher.java:418)
	at org.jboss.resteasy.core.SynchronousDispatcher.invoke(SynchronousDispatcher.java:209)
	at org.jboss.resteasy.plugins.server.servlet.ServletContainerDispatcher.service(ServletContainerDispatcher.java:227)
	at org.jboss.resteasy.plugins.server.servlet.HttpServletDispatcher.service(HttpServletDispatcher.java:56)
	at org.jboss.resteasy.plugins.server.servlet.HttpServletDispatcher.service(HttpServletDispatcher.java:51)
	at javax.servlet.http.HttpServlet.service(HttpServlet.java:742)
	at org.apache.catalina.core.ApplicationFilterChain.internalDoFilter(ApplicationFilterChain.java:231)
	at org.apache.catalina.core.ApplicationFilterChain.doFilter(ApplicationFilterChain.java:166)
	at org.apache.tomcat.websocket.server.WsFilter.doFilter(WsFilter.java:52)
	at org.apache.catalina.core.ApplicationFilterChain.internalDoFilter(ApplicationFilterChain.java:193)
	at org.apache.catalina.core.ApplicationFilterChain.doFilter(ApplicationFilterChain.java:166)
	at org.springframework.boot.web.filter.ApplicationContextHeaderFilter.doFilterInternal(ApplicationContextHeaderFilter.java:55)
	at org.springframework.web.filter.OncePerRequestFilter.doFilter(OncePerRequestFilter.java:107)
	at org.apache.catalina.core.ApplicationFilterChain.internalDoFilter(ApplicationFilterChain.java:193)
	at org.apache.catalina.core.ApplicationFilterChain.doFilter(ApplicationFilterChain.java:166)
	at org.springframework.boot.actuate.trace.WebRequestTraceFilter.doFilterInternal(WebRequestTraceFilter.java:110)
	at org.springframework.web.filter.OncePerRequestFilter.doFilter(OncePerRequestFilter.java:107)
	at org.apache.catalina.core.ApplicationFilterChain.internalDoFilter(ApplicationFilterChain.java:193)
	at org.apache.catalina.core.ApplicationFilterChain.doFilter(ApplicationFilterChain.java:166)
	at org.springframework.web.filter.RequestContextFilter.doFilterInternal(RequestContextFilter.java:99)
	at org.springframework.web.filter.OncePerRequestFilter.doFilter(OncePerRequestFilter.java:107)
	at org.apache.catalina.core.ApplicationFilterChain.internalDoFilter(ApplicationFilterChain.java:193)
	at org.apache.catalina.core.ApplicationFilterChain.doFilter(ApplicationFilterChain.java:166)
	at org.springframework.web.filter.HttpPutFormContentFilter.doFilterInternal(HttpPutFormContentFilter.java:105)
	at org.springframework.web.filter.OncePerRequestFilter.doFilter(OncePerRequestFilter.java:107)
	at org.apache.catalina.core.ApplicationFilterChain.internalDoFilter(ApplicationFilterChain.java:193)
	at org.apache.catalina.core.ApplicationFilterChain.doFilter(ApplicationFilterChain.java:166)
	at org.springframework.web.filter.HiddenHttpMethodFilter.doFilterInternal(HiddenHttpMethodFilter.java:81)
	at org.springframework.web.filter.OncePerRequestFilter.doFilter(OncePerRequestFilter.java:107)
	at org.apache.catalina.core.ApplicationFilterChain.internalDoFilter(ApplicationFilterChain.java:193)
	at org.apache.catalina.core.ApplicationFilterChain.doFilter(ApplicationFilterChain.java:166)
	at org.springframework.web.filter.CharacterEncodingFilter.doFilterInternal(CharacterEncodingFilter.java:197)
	at org.springframework.web.filter.OncePerRequestFilter.doFilter(OncePerRequestFilter.java:107)
	at org.apache.catalina.core.ApplicationFilterChain.internalDoFilter(ApplicationFilterChain.java:193)
	at org.apache.catalina.core.ApplicationFilterChain.doFilter(ApplicationFilterChain.java:166)
	at org.springframework.boot.actuate.autoconfigure.MetricsFilter.doFilterInternal(MetricsFilter.java:106)
	at org.springframework.web.filter.OncePerRequestFilter.doFilter(OncePerRequestFilter.java:107)
	at org.apache.catalina.core.ApplicationFilterChain.internalDoFilter(ApplicationFilterChain.java:193)
	at org.apache.catalina.core.ApplicationFilterChain.doFilter(ApplicationFilterChain.java:166)
	at org.apache.catalina.core.StandardWrapperValve.invoke(StandardWrapperValve.java:198)
	at org.apache.catalina.core.StandardContextValve.invoke(StandardContextValve.java:96)
	at org.apache.catalina.authenticator.AuthenticatorBase.invoke(AuthenticatorBase.java:478)
	at org.apache.catalina.core.StandardHostValve.invoke(StandardHostValve.java:140)
	at org.apache.catalina.valves.ErrorReportValve.invoke(ErrorReportValve.java:80)
	at org.apache.catalina.core.StandardEngineValve.invoke(StandardEngineValve.java:87)
	at org.apache.catalina.connector.CoyoteAdapter.service(CoyoteAdapter.java:342)
	at org.apache.coyote.http11.Http11Processor.service(Http11Processor.java:799)
	at org.apache.coyote.AbstractProcessorLight.process(AbstractProcessorLight.java:66)
	at org.apache.coyote.AbstractProtocol$ConnectionHandler.process(AbstractProtocol.java:868)
	at org.apache.tomcat.util.net.NioEndpoint$SocketProcessor.doRun(NioEndpoint.java:1455)
	at org.apache.tomcat.util.net.SocketProcessorBase.run(SocketProcessorBase.java:49)
	at java.util.concurrent.ThreadPoolExecutor.runWorker(ThreadPoolExecutor.java:1142)
	at java.util.concurrent.ThreadPoolExecutor$Worker.run(ThreadPoolExecutor.java:617)
	at org.apache.tomcat.util.threads.TaskThread$WrappingRunnable.run(TaskThread.java:61)
	at java.lang.Thread.run(Thread.java:748)
Caused by: java.lang.NullPointerException: null
	at com.video.service.VideoController.streamVideoContent(VideoController.java:47)
	at sun.reflect.NativeMethodAccessorImpl.invoke0(Native Method)
	at sun.reflect.NativeMethodAccessorImpl.invoke(NativeMethodAccessorImpl.java:62)
	at sun.reflect.DelegatingMethodAccessorImpl.invoke(DelegatingMethodAccessorImpl.java:43)
	at java.lang.reflect.Method.invoke(Method.java:498)
	at org.jboss.resteasy.core.MethodInjectorImpl.invoke(MethodInjectorImpl.java:140)
	at org.jboss.resteasy.core.ResourceMethodInvoker.invokeOnTarget(ResourceMethodInvoker.java:294)
	at org.jboss.resteasy.core.ResourceMethodInvoker.invoke(ResourceMethodInvoker.java:248)
	at org.jboss.resteasy.core.ResourceMethodInvoker.invoke(ResourceMethodInvoker.java:235)
	at org.jboss.resteasy.core.SynchronousDispatcher.invoke(SynchronousDispatcher.java:402)
	... 54 common frames omitted
2017-08-10 23:10:39 - Starting VideoMicroServiceApplication on rana with PID 4464 (/home/rana/eclipse-workspace/video-micro-service/target/classes started by rana in /home/rana/eclipse-workspace/video-micro-service)
2017-08-10 23:10:39 - Running with Spring Boot v1.5.6.RELEASE, Spring v4.3.10.RELEASE
2017-08-10 23:10:39 - No active profile set, falling back to default profiles: default
2017-08-10 23:10:49 - Started VideoMicroServiceApplication in 10.986 seconds (JVM running for 12.749)
2017-08-10 23:11:59 - File name: Hello.mp4 Range: null Video file url: null
2017-08-10 23:11:59 - Servlet.service() for servlet [com.video.service.JaxrsApplication] in context with path [] threw exception
org.jboss.resteasy.spi.UnhandledException: java.lang.NullPointerException
	at org.jboss.resteasy.core.ExceptionHandler.handleApplicationException(ExceptionHandler.java:78)
	at org.jboss.resteasy.core.ExceptionHandler.handleException(ExceptionHandler.java:222)
	at org.jboss.resteasy.core.SynchronousDispatcher.writeException(SynchronousDispatcher.java:175)
	at org.jboss.resteasy.core.SynchronousDispatcher.invoke(SynchronousDispatcher.java:418)
	at org.jboss.resteasy.core.SynchronousDispatcher.invoke(SynchronousDispatcher.java:209)
	at org.jboss.resteasy.plugins.server.servlet.ServletContainerDispatcher.service(ServletContainerDispatcher.java:227)
	at org.jboss.resteasy.plugins.server.servlet.HttpServletDispatcher.service(HttpServletDispatcher.java:56)
	at org.jboss.resteasy.plugins.server.servlet.HttpServletDispatcher.service(HttpServletDispatcher.java:51)
	at javax.servlet.http.HttpServlet.service(HttpServlet.java:742)
	at org.apache.catalina.core.ApplicationFilterChain.internalDoFilter(ApplicationFilterChain.java:231)
	at org.apache.catalina.core.ApplicationFilterChain.doFilter(ApplicationFilterChain.java:166)
	at org.apache.tomcat.websocket.server.WsFilter.doFilter(WsFilter.java:52)
	at org.apache.catalina.core.ApplicationFilterChain.internalDoFilter(ApplicationFilterChain.java:193)
	at org.apache.catalina.core.ApplicationFilterChain.doFilter(ApplicationFilterChain.java:166)
	at org.springframework.boot.web.filter.ApplicationContextHeaderFilter.doFilterInternal(ApplicationContextHeaderFilter.java:55)
	at org.springframework.web.filter.OncePerRequestFilter.doFilter(OncePerRequestFilter.java:107)
	at org.apache.catalina.core.ApplicationFilterChain.internalDoFilter(ApplicationFilterChain.java:193)
	at org.apache.catalina.core.ApplicationFilterChain.doFilter(ApplicationFilterChain.java:166)
	at org.springframework.boot.actuate.trace.WebRequestTraceFilter.doFilterInternal(WebRequestTraceFilter.java:110)
	at org.springframework.web.filter.OncePerRequestFilter.doFilter(OncePerRequestFilter.java:107)
	at org.apache.catalina.core.ApplicationFilterChain.internalDoFilter(ApplicationFilterChain.java:193)
	at org.apache.catalina.core.ApplicationFilterChain.doFilter(ApplicationFilterChain.java:166)
	at org.springframework.web.filter.RequestContextFilter.doFilterInternal(RequestContextFilter.java:99)
	at org.springframework.web.filter.OncePerRequestFilter.doFilter(OncePerRequestFilter.java:107)
	at org.apache.catalina.core.ApplicationFilterChain.internalDoFilter(ApplicationFilterChain.java:193)
	at org.apache.catalina.core.ApplicationFilterChain.doFilter(ApplicationFilterChain.java:166)
	at org.springframework.web.filter.HttpPutFormContentFilter.doFilterInternal(HttpPutFormContentFilter.java:105)
	at org.springframework.web.filter.OncePerRequestFilter.doFilter(OncePerRequestFilter.java:107)
	at org.apache.catalina.core.ApplicationFilterChain.internalDoFilter(ApplicationFilterChain.java:193)
	at org.apache.catalina.core.ApplicationFilterChain.doFilter(ApplicationFilterChain.java:166)
	at org.springframework.web.filter.HiddenHttpMethodFilter.doFilterInternal(HiddenHttpMethodFilter.java:81)
	at org.springframework.web.filter.OncePerRequestFilter.doFilter(OncePerRequestFilter.java:107)
	at org.apache.catalina.core.ApplicationFilterChain.internalDoFilter(ApplicationFilterChain.java:193)
	at org.apache.catalina.core.ApplicationFilterChain.doFilter(ApplicationFilterChain.java:166)
	at org.springframework.web.filter.CharacterEncodingFilter.doFilterInternal(CharacterEncodingFilter.java:197)
	at org.springframework.web.filter.OncePerRequestFilter.doFilter(OncePerRequestFilter.java:107)
	at org.apache.catalina.core.ApplicationFilterChain.internalDoFilter(ApplicationFilterChain.java:193)
	at org.apache.catalina.core.ApplicationFilterChain.doFilter(ApplicationFilterChain.java:166)
	at org.springframework.boot.actuate.autoconfigure.MetricsFilter.doFilterInternal(MetricsFilter.java:106)
	at org.springframework.web.filter.OncePerRequestFilter.doFilter(OncePerRequestFilter.java:107)
	at org.apache.catalina.core.ApplicationFilterChain.internalDoFilter(ApplicationFilterChain.java:193)
	at org.apache.catalina.core.ApplicationFilterChain.doFilter(ApplicationFilterChain.java:166)
	at org.apache.catalina.core.StandardWrapperValve.invoke(StandardWrapperValve.java:198)
	at org.apache.catalina.core.StandardContextValve.invoke(StandardContextValve.java:96)
	at org.apache.catalina.authenticator.AuthenticatorBase.invoke(AuthenticatorBase.java:478)
	at org.apache.catalina.core.StandardHostValve.invoke(StandardHostValve.java:140)
	at org.apache.catalina.valves.ErrorReportValve.invoke(ErrorReportValve.java:80)
	at org.apache.catalina.core.StandardEngineValve.invoke(StandardEngineValve.java:87)
	at org.apache.catalina.connector.CoyoteAdapter.service(CoyoteAdapter.java:342)
	at org.apache.coyote.http11.Http11Processor.service(Http11Processor.java:799)
	at org.apache.coyote.AbstractProcessorLight.process(AbstractProcessorLight.java:66)
	at org.apache.coyote.AbstractProtocol$ConnectionHandler.process(AbstractProtocol.java:868)
	at org.apache.tomcat.util.net.NioEndpoint$SocketProcessor.doRun(NioEndpoint.java:1455)
	at org.apache.tomcat.util.net.SocketProcessorBase.run(SocketProcessorBase.java:49)
	at java.util.concurrent.ThreadPoolExecutor.runWorker(ThreadPoolExecutor.java:1142)
	at java.util.concurrent.ThreadPoolExecutor$Worker.run(ThreadPoolExecutor.java:617)
	at org.apache.tomcat.util.threads.TaskThread$WrappingRunnable.run(TaskThread.java:61)
	at java.lang.Thread.run(Thread.java:748)
Caused by: java.lang.NullPointerException: null
	at com.video.service.VideoController.streamVideoContent(VideoController.java:47)
	at sun.reflect.NativeMethodAccessorImpl.invoke0(Native Method)
	at sun.reflect.NativeMethodAccessorImpl.invoke(NativeMethodAccessorImpl.java:62)
	at sun.reflect.DelegatingMethodAccessorImpl.invoke(DelegatingMethodAccessorImpl.java:43)
	at java.lang.reflect.Method.invoke(Method.java:498)
	at org.jboss.resteasy.core.MethodInjectorImpl.invoke(MethodInjectorImpl.java:140)
	at org.jboss.resteasy.core.ResourceMethodInvoker.invokeOnTarget(ResourceMethodInvoker.java:294)
	at org.jboss.resteasy.core.ResourceMethodInvoker.invoke(ResourceMethodInvoker.java:248)
	at org.jboss.resteasy.core.ResourceMethodInvoker.invoke(ResourceMethodInvoker.java:235)
	at org.jboss.resteasy.core.SynchronousDispatcher.invoke(SynchronousDispatcher.java:402)
	... 54 common frames omitted
2017-08-10 23:16:45 - Starting VideoMicroServiceApplication on rana with PID 4464 (/home/rana/eclipse-workspace/video-micro-service/target/classes started by rana in /home/rana/eclipse-workspace/video-micro-service)
2017-08-10 23:16:45 - Running with Spring Boot v1.5.6.RELEASE, Spring v4.3.10.RELEASE
2017-08-10 23:16:45 - No active profile set, falling back to default profiles: default
2017-08-10 23:16:47 - Started VideoMicroServiceApplication in 1.935 seconds (JVM running for 371.318)
2017-08-10 23:17:01 - Starting VideoMicroServiceApplication on rana with PID 4464 (/home/rana/eclipse-workspace/video-micro-service/target/classes started by rana in /home/rana/eclipse-workspace/video-micro-service)
2017-08-10 23:17:01 - Running with Spring Boot v1.5.6.RELEASE, Spring v4.3.10.RELEASE
2017-08-10 23:17:01 - No active profile set, falling back to default profiles: default
2017-08-10 23:17:02 - Started VideoMicroServiceApplication in 1.36 seconds (JVM running for 386.107)
2017-08-10 23:17:12 - Starting VideoMicroServiceApplication on rana with PID 4464 (/home/rana/eclipse-workspace/video-micro-service/target/classes started by rana in /home/rana/eclipse-workspace/video-micro-service)
2017-08-10 23:17:12 - Running with Spring Boot v1.5.6.RELEASE, Spring v4.3.10.RELEASE
2017-08-10 23:17:12 - No active profile set, falling back to default profiles: default
2017-08-10 23:17:13 - Started VideoMicroServiceApplication in 1.299 seconds (JVM running for 396.93)
2017-08-10 23:17:32 - File name: Hello.mp4 Range: null
2017-08-10 23:19:27 - Starting VideoMicroServiceApplication on rana with PID 4464 (/home/rana/eclipse-workspace/video-micro-service/target/classes started by rana in /home/rana/eclipse-workspace/video-micro-service)
2017-08-10 23:19:27 - Running with Spring Boot v1.5.6.RELEASE, Spring v4.3.10.RELEASE
2017-08-10 23:19:27 - No active profile set, falling back to default profiles: default
2017-08-10 23:19:28 - Started VideoMicroServiceApplication in 1.658 seconds (JVM running for 532.271)
2017-08-10 23:20:00 - Starting VideoMicroServiceApplication on rana with PID 4464 (/home/rana/eclipse-workspace/video-micro-service/target/classes started by rana in /home/rana/eclipse-workspace/video-micro-service)
2017-08-10 23:20:00 - Running with Spring Boot v1.5.6.RELEASE, Spring v4.3.10.RELEASE
2017-08-10 23:20:00 - No active profile set, falling back to default profiles: default
2017-08-10 23:20:01 - Started VideoMicroServiceApplication in 1.605 seconds (JVM running for 565.367)
2017-08-10 23:20:06 - File name: Hello.mp4 Range: null
2017-08-10 23:22:43 - Starting VideoMicroServiceApplication on rana with PID 4464 (/home/rana/eclipse-workspace/video-micro-service/target/classes started by rana in /home/rana/eclipse-workspace/video-micro-service)
2017-08-10 23:22:43 - Running with Spring Boot v1.5.6.RELEASE, Spring v4.3.10.RELEASE
2017-08-10 23:22:43 - No active profile set, falling back to default profiles: default
2017-08-10 23:22:44 - Started VideoMicroServiceApplication in 1.224 seconds (JVM running for 728.232)
2017-08-10 23:22:55 - Starting VideoMicroServiceApplication on rana with PID 4464 (/home/rana/eclipse-workspace/video-micro-service/target/classes started by rana in /home/rana/eclipse-workspace/video-micro-service)
2017-08-10 23:22:55 - Running with Spring Boot v1.5.6.RELEASE, Spring v4.3.10.RELEASE
2017-08-10 23:22:55 - No active profile set, falling back to default profiles: default
2017-08-10 23:22:56 - Started VideoMicroServiceApplication in 1.19 seconds (JVM running for 739.973)
2017-08-10 23:23:21 - File name: Hello.mp4 Range: null
2017-08-10 23:23:59 - Starting VideoMicroServiceApplication on rana with PID 4464 (/home/rana/eclipse-workspace/video-micro-service/target/classes started by rana in /home/rana/eclipse-workspace/video-micro-service)
2017-08-10 23:23:59 - Running with Spring Boot v1.5.6.RELEASE, Spring v4.3.10.RELEASE
2017-08-10 23:23:59 - No active profile set, falling back to default profiles: default
2017-08-10 23:24:01 - Started VideoMicroServiceApplication in 2.207 seconds (JVM running for 805.13)
2017-08-10 23:24:18 - File name: Hello.mp4 Range: null
2017-08-10 23:24:19 - File name: Hello.mp4 Range: bytes=0-
2017-08-10 23:24:49 - File name: Hello.mp4 Range: null
2017-08-10 23:24:49 - File name: Hello.mp4 Range: bytes=0-
2017-08-10 23:24:53 - RESTEASY002025: Unknown exception while executing GET /service/videos/Hello.mp4
java.lang.NullPointerException: null
	at org.apache.tomcat.util.net.NioBlockingSelector.write(NioBlockingSelector.java:136)
	at org.apache.tomcat.util.net.NioSelectorPool.write(NioSelectorPool.java:157)
	at org.apache.tomcat.util.net.NioEndpoint$NioSocketWrapper.doWrite(NioEndpoint.java:1259)
	at org.apache.tomcat.util.net.SocketWrapperBase.doWrite(SocketWrapperBase.java:670)
	at org.apache.tomcat.util.net.SocketWrapperBase.writeBlocking(SocketWrapperBase.java:450)
	at org.apache.tomcat.util.net.SocketWrapperBase.write(SocketWrapperBase.java:388)
	at org.apache.coyote.http11.Http11OutputBuffer$SocketOutputBuffer.doWrite(Http11OutputBuffer.java:644)
	at org.apache.coyote.http11.filters.IdentityOutputFilter.doWrite(IdentityOutputFilter.java:119)
	at org.apache.coyote.http11.Http11OutputBuffer.doWrite(Http11OutputBuffer.java:235)
	at org.apache.coyote.Response.doWrite(Response.java:541)
	at org.apache.catalina.connector.OutputBuffer.realWriteBytes(OutputBuffer.java:351)
	at org.apache.catalina.connector.OutputBuffer.appendByteArray(OutputBuffer.java:785)
	at org.apache.catalina.connector.OutputBuffer.append(OutputBuffer.java:714)
	at org.apache.catalina.connector.OutputBuffer.writeBytes(OutputBuffer.java:391)
	at org.apache.catalina.connector.OutputBuffer.write(OutputBuffer.java:369)
	at org.apache.catalina.connector.CoyoteOutputStream.write(CoyoteOutputStream.java:96)
	at org.jboss.resteasy.plugins.server.servlet.HttpServletResponseWrapper$DeferredOutputStream.write(HttpServletResponseWrapper.java:45)
	at org.jboss.resteasy.util.CommitHeaderOutputStream.write(CommitHeaderOutputStream.java:71)
	at java.nio.channels.Channels$WritableByteChannelImpl.write(Channels.java:458)
	at sun.nio.ch.FileChannelImpl.transferToArbitraryChannel(FileChannelImpl.java:567)
	at sun.nio.ch.FileChannelImpl.transferTo(FileChannelImpl.java:616)
	at com.video.service.VideoController.lambda$0(VideoController.java:65)
	at org.jboss.resteasy.plugins.providers.StreamingOutputProvider.writeTo(StreamingOutputProvider.java:34)
	at org.jboss.resteasy.plugins.providers.StreamingOutputProvider.writeTo(StreamingOutputProvider.java:18)
	at org.jboss.resteasy.core.interception.jaxrs.AbstractWriterInterceptorContext.writeTo(AbstractWriterInterceptorContext.java:137)
	at org.jboss.resteasy.core.interception.jaxrs.ServerWriterInterceptorContext.writeTo(ServerWriterInterceptorContext.java:61)
	at org.jboss.resteasy.core.interception.jaxrs.AbstractWriterInterceptorContext.proceed(AbstractWriterInterceptorContext.java:124)
	at org.jboss.resteasy.core.ServerResponseWriter.writeNomapResponse(ServerResponseWriter.java:141)
	at org.jboss.resteasy.core.SynchronousDispatcher.writeResponse(SynchronousDispatcher.java:473)
	at org.jboss.resteasy.core.SynchronousDispatcher.invoke(SynchronousDispatcher.java:422)
	at org.jboss.resteasy.core.SynchronousDispatcher.invoke(SynchronousDispatcher.java:209)
	at org.jboss.resteasy.plugins.server.servlet.ServletContainerDispatcher.service(ServletContainerDispatcher.java:227)
	at org.jboss.resteasy.plugins.server.servlet.HttpServletDispatcher.service(HttpServletDispatcher.java:56)
	at org.jboss.resteasy.plugins.server.servlet.HttpServletDispatcher.service(HttpServletDispatcher.java:51)
	at javax.servlet.http.HttpServlet.service(HttpServlet.java:742)
	at org.apache.catalina.core.ApplicationFilterChain.internalDoFilter(ApplicationFilterChain.java:231)
	at org.apache.catalina.core.ApplicationFilterChain.doFilter(ApplicationFilterChain.java:166)
	at org.apache.tomcat.websocket.server.WsFilter.doFilter(WsFilter.java:52)
	at org.apache.catalina.core.ApplicationFilterChain.internalDoFilter(ApplicationFilterChain.java:193)
	at org.apache.catalina.core.ApplicationFilterChain.doFilter(ApplicationFilterChain.java:166)
	at org.springframework.boot.web.filter.ApplicationContextHeaderFilter.doFilterInternal(ApplicationContextHeaderFilter.java:55)
	at org.springframework.web.filter.OncePerRequestFilter.doFilter(OncePerRequestFilter.java:107)
	at org.apache.catalina.core.ApplicationFilterChain.internalDoFilter(ApplicationFilterChain.java:193)
	at org.apache.catalina.core.ApplicationFilterChain.doFilter(ApplicationFilterChain.java:166)
	at org.springframework.boot.actuate.trace.WebRequestTraceFilter.doFilterInternal(WebRequestTraceFilter.java:110)
	at org.springframework.web.filter.OncePerRequestFilter.doFilter(OncePerRequestFilter.java:107)
	at org.apache.catalina.core.ApplicationFilterChain.internalDoFilter(ApplicationFilterChain.java:193)
	at org.apache.catalina.core.ApplicationFilterChain.doFilter(ApplicationFilterChain.java:166)
	at org.springframework.web.filter.RequestContextFilter.doFilterInternal(RequestContextFilter.java:99)
	at org.springframework.web.filter.OncePerRequestFilter.doFilter(OncePerRequestFilter.java:107)
	at org.apache.catalina.core.ApplicationFilterChain.internalDoFilter(ApplicationFilterChain.java:193)
	at org.apache.catalina.core.ApplicationFilterChain.doFilter(ApplicationFilterChain.java:166)
	at org.springframework.web.filter.HttpPutFormContentFilter.doFilterInternal(HttpPutFormContentFilter.java:105)
	at org.springframework.web.filter.OncePerRequestFilter.doFilter(OncePerRequestFilter.java:107)
	at org.apache.catalina.core.ApplicationFilterChain.internalDoFilter(ApplicationFilterChain.java:193)
	at org.apache.catalina.core.ApplicationFilterChain.doFilter(ApplicationFilterChain.java:166)
	at org.springframework.web.filter.HiddenHttpMethodFilter.doFilterInternal(HiddenHttpMethodFilter.java:81)
	at org.springframework.web.filter.OncePerRequestFilter.doFilter(OncePerRequestFilter.java:107)
	at org.apache.catalina.core.ApplicationFilterChain.internalDoFilter(ApplicationFilterChain.java:193)
	at org.apache.catalina.core.ApplicationFilterChain.doFilter(ApplicationFilterChain.java:166)
	at org.springframework.web.filter.CharacterEncodingFilter.doFilterInternal(CharacterEncodingFilter.java:197)
	at org.springframework.web.filter.OncePerRequestFilter.doFilter(OncePerRequestFilter.java:107)
	at org.apache.catalina.core.ApplicationFilterChain.internalDoFilter(ApplicationFilterChain.java:193)
	at org.apache.catalina.core.ApplicationFilterChain.doFilter(ApplicationFilterChain.java:166)
	at org.springframework.boot.actuate.autoconfigure.MetricsFilter.doFilterInternal(MetricsFilter.java:106)
	at org.springframework.web.filter.OncePerRequestFilter.doFilter(OncePerRequestFilter.java:107)
	at org.apache.catalina.core.ApplicationFilterChain.internalDoFilter(ApplicationFilterChain.java:193)
	at org.apache.catalina.core.ApplicationFilterChain.doFilter(ApplicationFilterChain.java:166)
	at org.apache.catalina.core.StandardWrapperValve.invoke(StandardWrapperValve.java:198)
	at org.apache.catalina.core.StandardContextValve.invoke(StandardContextValve.java:96)
	at org.apache.catalina.authenticator.AuthenticatorBase.invoke(AuthenticatorBase.java:478)
	at org.apache.catalina.core.StandardHostValve.invoke(StandardHostValve.java:140)
	at org.apache.catalina.valves.ErrorReportValve.invoke(ErrorReportValve.java:80)
	at org.apache.catalina.core.StandardEngineValve.invoke(StandardEngineValve.java:87)
	at org.apache.catalina.connector.CoyoteAdapter.service(CoyoteAdapter.java:342)
	at org.apache.coyote.http11.Http11Processor.service(Http11Processor.java:799)
	at org.apache.coyote.AbstractProcessorLight.process(AbstractProcessorLight.java:66)
	at org.apache.coyote.AbstractProtocol$ConnectionHandler.process(AbstractProtocol.java:868)
	at org.apache.tomcat.util.net.NioEndpoint$SocketProcessor.doRun(NioEndpoint.java:1455)
	at org.apache.tomcat.util.net.SocketProcessorBase.run(SocketProcessorBase.java:49)
	at java.util.concurrent.ThreadPoolExecutor.runWorker(ThreadPoolExecutor.java:1142)
	at java.util.concurrent.ThreadPoolExecutor$Worker.run(ThreadPoolExecutor.java:617)
	at org.apache.tomcat.util.threads.TaskThread$WrappingRunnable.run(TaskThread.java:61)
	at java.lang.Thread.run(Thread.java:748)
2017-08-10 23:24:53 - Error processing request
java.lang.NullPointerException: null
	at org.apache.catalina.core.StandardHostValve.invoke(StandardHostValve.java:150)
	at org.apache.catalina.valves.ErrorReportValve.invoke(ErrorReportValve.java:80)
	at org.apache.catalina.core.StandardEngineValve.invoke(StandardEngineValve.java:87)
	at org.apache.catalina.connector.CoyoteAdapter.service(CoyoteAdapter.java:342)
	at org.apache.coyote.http11.Http11Processor.service(Http11Processor.java:799)
	at org.apache.coyote.AbstractProcessorLight.process(AbstractProcessorLight.java:66)
	at org.apache.coyote.AbstractProtocol$ConnectionHandler.process(AbstractProtocol.java:868)
	at org.apache.tomcat.util.net.NioEndpoint$SocketProcessor.doRun(NioEndpoint.java:1455)
	at org.apache.tomcat.util.net.SocketProcessorBase.run(SocketProcessorBase.java:49)
	at java.util.concurrent.ThreadPoolExecutor.runWorker(ThreadPoolExecutor.java:1142)
	at java.util.concurrent.ThreadPoolExecutor$Worker.run(ThreadPoolExecutor.java:617)
	at org.apache.tomcat.util.threads.TaskThread$WrappingRunnable.run(TaskThread.java:61)
	at java.lang.Thread.run(Thread.java:748)
2017-08-10 23:24:53 - Error finishing response
java.lang.NullPointerException: null
	at org.apache.coyote.http11.Http11OutputBuffer.commit(Http11OutputBuffer.java:368)
	at org.apache.coyote.http11.Http11Processor.prepareResponse(Http11Processor.java:1305)
	at org.apache.coyote.AbstractProcessor.action(AbstractProcessor.java:257)
	at org.apache.coyote.http11.Http11Processor.endRequest(Http11Processor.java:1474)
	at org.apache.coyote.http11.Http11Processor.service(Http11Processor.java:839)
	at org.apache.coyote.AbstractProcessorLight.process(AbstractProcessorLight.java:66)
	at org.apache.coyote.AbstractProtocol$ConnectionHandler.process(AbstractProtocol.java:868)
	at org.apache.tomcat.util.net.NioEndpoint$SocketProcessor.doRun(NioEndpoint.java:1455)
	at org.apache.tomcat.util.net.SocketProcessorBase.run(SocketProcessorBase.java:49)
	at java.util.concurrent.ThreadPoolExecutor.runWorker(ThreadPoolExecutor.java:1142)
	at java.util.concurrent.ThreadPoolExecutor$Worker.run(ThreadPoolExecutor.java:617)
	at org.apache.tomcat.util.threads.TaskThread$WrappingRunnable.run(TaskThread.java:61)
	at java.lang.Thread.run(Thread.java:748)
2017-08-10 23:25:30 - File name: Hello.mp4 Range: null
2017-08-10 23:25:30 - File name: Hello.mp4 Range: bytes=0-
2017-08-10 23:26:21 - Starting VideoMicroServiceApplication on rana with PID 4464 (/home/rana/eclipse-workspace/video-micro-service/target/classes started by rana in /home/rana/eclipse-workspace/video-micro-service)
2017-08-10 23:26:21 - Running with Spring Boot v1.5.6.RELEASE, Spring v4.3.10.RELEASE
2017-08-10 23:26:21 - No active profile set, falling back to default profiles: default
2017-08-10 23:26:22 - Started VideoMicroServiceApplication in 1.375 seconds (JVM running for 945.994)
2017-08-10 23:26:27 - File name: Hello.mp4 Range: null
2017-08-10 23:26:27 - File name: Hello.mp4 Range: bytes=0-
2017-08-10 23:28:54 - Starting VideoMicroServiceApplication on rana with PID 4464 (/home/rana/eclipse-workspace/video-micro-service/target/classes started by rana in /home/rana/eclipse-workspace/video-micro-service)
2017-08-10 23:28:54 - Running with Spring Boot v1.5.6.RELEASE, Spring v4.3.10.RELEASE
2017-08-10 23:28:54 - No active profile set, falling back to default profiles: default
2017-08-10 23:28:55 - Started VideoMicroServiceApplication in 1.449 seconds (JVM running for 1099.46)
2017-08-10 23:29:17 - Starting VideoMicroServiceApplication on rana with PID 4464 (/home/rana/eclipse-workspace/video-micro-service/target/classes started by rana in /home/rana/eclipse-workspace/video-micro-service)
2017-08-10 23:29:17 - Running with Spring Boot v1.5.6.RELEASE, Spring v4.3.10.RELEASE
2017-08-10 23:29:17 - No active profile set, falling back to default profiles: default
2017-08-10 23:29:18 - Started VideoMicroServiceApplication in 0.964 seconds (JVM running for 1121.928)
2017-08-10 23:30:16 - Starting VideoMicroServiceApplication on rana with PID 4464 (/home/rana/eclipse-workspace/video-micro-service/target/classes started by rana in /home/rana/eclipse-workspace/video-micro-service)
2017-08-10 23:30:16 - Running with Spring Boot v1.5.6.RELEASE, Spring v4.3.10.RELEASE
2017-08-10 23:30:16 - No active profile set, falling back to default profiles: default
2017-08-10 23:30:17 - Started VideoMicroServiceApplication in 0.744 seconds (JVM running for 1181.252)
2017-08-10 23:33:40 - Starting VideoMicroServiceApplication on rana with PID 4464 (/home/rana/eclipse-workspace/video-micro-service/target/classes started by rana in /home/rana/eclipse-workspace/video-micro-service)
2017-08-10 23:33:40 - Running with Spring Boot v1.5.6.RELEASE, Spring v4.3.10.RELEASE
2017-08-10 23:33:40 - No active profile set, falling back to default profiles: default
2017-08-10 23:33:41 - Started VideoMicroServiceApplication in 0.935 seconds (JVM running for 1384.912)
2017-08-10 23:34:41 - Starting VideoMicroServiceApplication on rana with PID 4464 (/home/rana/eclipse-workspace/video-micro-service/target/classes started by rana in /home/rana/eclipse-workspace/video-micro-service)
2017-08-10 23:34:41 - Running with Spring Boot v1.5.6.RELEASE, Spring v4.3.10.RELEASE
2017-08-10 23:34:41 - No active profile set, falling back to default profiles: default
2017-08-10 23:34:42 - Started VideoMicroServiceApplication in 0.794 seconds (JVM running for 1446.341)
2017-08-10 23:35:00 - Starting VideoMicroServiceApplication on rana with PID 4464 (/home/rana/eclipse-workspace/video-micro-service/target/classes started by rana in /home/rana/eclipse-workspace/video-micro-service)
2017-08-10 23:35:00 - Running with Spring Boot v1.5.6.RELEASE, Spring v4.3.10.RELEASE
2017-08-10 23:35:00 - No active profile set, falling back to default profiles: default
2017-08-10 23:35:01 - Started VideoMicroServiceApplication in 0.861 seconds (JVM running for 1464.796)
2017-08-10 23:35:29 - Starting VideoMicroServiceApplication on rana with PID 4464 (/home/rana/eclipse-workspace/video-micro-service/target/classes started by rana in /home/rana/eclipse-workspace/video-micro-service)
2017-08-10 23:35:29 - Running with Spring Boot v1.5.6.RELEASE, Spring v4.3.10.RELEASE
2017-08-10 23:35:29 - No active profile set, falling back to default profiles: default
2017-08-10 23:35:30 - Started VideoMicroServiceApplication in 0.81 seconds (JVM running for 1494.264)
2017-08-10 23:35:48 - Starting VideoMicroServiceApplication on rana with PID 4464 (/home/rana/eclipse-workspace/video-micro-service/target/classes started by rana in /home/rana/eclipse-workspace/video-micro-service)
2017-08-10 23:35:48 - Running with Spring Boot v1.5.6.RELEASE, Spring v4.3.10.RELEASE
2017-08-10 23:35:48 - No active profile set, falling back to default profiles: default
2017-08-10 23:35:49 - Started VideoMicroServiceApplication in 0.975 seconds (JVM running for 1512.844)
2017-08-10 23:35:59 - Starting VideoMicroServiceApplication on rana with PID 4464 (/home/rana/eclipse-workspace/video-micro-service/target/classes started by rana in /home/rana/eclipse-workspace/video-micro-service)
2017-08-10 23:35:59 - Running with Spring Boot v1.5.6.RELEASE, Spring v4.3.10.RELEASE
2017-08-10 23:35:59 - No active profile set, falling back to default profiles: default
2017-08-10 23:36:00 - Started VideoMicroServiceApplication in 0.751 seconds (JVM running for 1524.027)
2017-08-10 23:36:29 - Starting VideoMicroServiceApplication on rana with PID 4464 (/home/rana/eclipse-workspace/video-micro-service/target/classes started by rana in /home/rana/eclipse-workspace/video-micro-service)
2017-08-10 23:36:29 - Running with Spring Boot v1.5.6.RELEASE, Spring v4.3.10.RELEASE
2017-08-10 23:36:29 - No active profile set, falling back to default profiles: default
2017-08-10 23:36:30 - Started VideoMicroServiceApplication in 0.735 seconds (JVM running for 1554.305)
2017-08-10 23:36:43 - Starting VideoMicroServiceApplication on rana with PID 4464 (/home/rana/eclipse-workspace/video-micro-service/target/classes started by rana in /home/rana/eclipse-workspace/video-micro-service)
2017-08-10 23:36:43 - Running with Spring Boot v1.5.6.RELEASE, Spring v4.3.10.RELEASE
2017-08-10 23:36:43 - No active profile set, falling back to default profiles: default
2017-08-10 23:36:44 - Started VideoMicroServiceApplication in 1.009 seconds (JVM running for 1567.827)
2017-08-10 23:37:29 - Starting VideoMicroServiceApplication on rana with PID 4464 (/home/rana/eclipse-workspace/video-micro-service/target/classes started by rana in /home/rana/eclipse-workspace/video-micro-service)
2017-08-10 23:37:29 - Running with Spring Boot v1.5.6.RELEASE, Spring v4.3.10.RELEASE
2017-08-10 23:37:29 - No active profile set, falling back to default profiles: default
2017-08-10 23:37:30 - Started VideoMicroServiceApplication in 0.745 seconds (JVM running for 1614.275)
2017-08-10 23:38:13 - Starting VideoMicroServiceApplication on rana with PID 4464 (/home/rana/eclipse-workspace/video-micro-service/target/classes started by rana in /home/rana/eclipse-workspace/video-micro-service)
2017-08-10 23:38:13 - Running with Spring Boot v1.5.6.RELEASE, Spring v4.3.10.RELEASE
2017-08-10 23:38:13 - No active profile set, falling back to default profiles: default
2017-08-10 23:38:13 - Started VideoMicroServiceApplication in 0.745 seconds (JVM running for 1657.62)
2017-08-10 23:39:12 - Starting VideoMicroServiceApplication on rana with PID 4464 (/home/rana/eclipse-workspace/video-micro-service/target/classes started by rana in /home/rana/eclipse-workspace/video-micro-service)
2017-08-10 23:39:12 - Running with Spring Boot v1.5.6.RELEASE, Spring v4.3.10.RELEASE
2017-08-10 23:39:12 - No active profile set, falling back to default profiles: default
2017-08-10 23:39:13 - Started VideoMicroServiceApplication in 0.885 seconds (JVM running for 1717.157)
2017-08-10 23:39:17 - Starting VideoMicroServiceApplication on rana with PID 4464 (/home/rana/eclipse-workspace/video-micro-service/target/classes started by rana in /home/rana/eclipse-workspace/video-micro-service)
2017-08-10 23:39:17 - Running with Spring Boot v1.5.6.RELEASE, Spring v4.3.10.RELEASE
2017-08-10 23:39:17 - No active profile set, falling back to default profiles: default
2017-08-10 23:39:17 - Started VideoMicroServiceApplication in 0.85 seconds (JVM running for 1721.54)
2017-08-10 23:41:02 - Starting VideoMicroServiceApplication on rana with PID 4464 (/home/rana/eclipse-workspace/video-micro-service/target/classes started by rana in /home/rana/eclipse-workspace/video-micro-service)
2017-08-10 23:41:02 - Running with Spring Boot v1.5.6.RELEASE, Spring v4.3.10.RELEASE
2017-08-10 23:41:02 - No active profile set, falling back to default profiles: default
2017-08-10 23:41:03 - Started VideoMicroServiceApplication in 0.829 seconds (JVM running for 1827.04)
2017-08-10 23:41:42 - File name: Hello.mp4 Range: null
2017-08-10 23:41:43 - File name: Hello.mp4 Range: bytes=0-
2017-08-10 23:41:43 - File name: Hello.mp4 Range: bytes=1048577-56560115
2017-08-10 23:42:02 - File name: Hello.mp4 Range: bytes=20119552-56560115
2017-08-10 23:42:13 - File name: Hello.mp4 Range: bytes=13107200-20119551
2017-08-10 23:42:50 - File name: Hello.mp4 Range: bytes=26115838-56560115
2017-08-10 23:42:56 - File name: Hello.mp4 Range: bytes=51773440-56560115
2017-08-10 23:43:40 - Starting VideoMicroServiceApplication on rana with PID 4464 (/home/rana/eclipse-workspace/video-micro-service/target/classes started by rana in /home/rana/eclipse-workspace/video-micro-service)
2017-08-10 23:43:40 - Running with Spring Boot v1.5.6.RELEASE, Spring v4.3.10.RELEASE
2017-08-10 23:43:40 - No active profile set, falling back to default profiles: default
2017-08-10 23:43:41 - Started VideoMicroServiceApplication in 1.137 seconds (JVM running for 1985.588)
